<?xml version="1.0" encoding="UTF-8"?>
<!-- Generated by org.testng.reporters.JUnitReportReporter -->
<testsuite skipped="0" hostname="LAPTOP-8M8LQ3RJ" name="com.qa.mottmac.tests.HomePageTest$MessageConstants" tests="1" failures="0" timestamp="17 Sep 2024 19:42:53 GMT" time="0.079" errors="0">
  <testcase name="verifyHomePageTitleTest" time="0.079" classname="com.qa.mottmac.tests.HomePageTest$MessageConstants"/>
</testsuite> <!-- com.qa.mottmac.tests.HomePageTest$MessageConstants -->
